<?xml version="1.0" encoding="UTF-8"?>
<!-- Generated by org.testng.reporters.JUnitReportReporter -->
<testsuite hostname="BA-000454050" failures="0" tests="1" name="com.yourstore.testcases.NewTest" time="3.095" errors="0" timestamp="2023-03-29T11:44:27 IST" skipped="0">
  <testcase classname="com.yourstore.testcases.NewTest" name="f" time="3.095"/>
  <system-out/>
</testsuite> <!-- com.yourstore.testcases.NewTest -->
